  MOpenGL.cpp
D:\Git\VisualEngine\VisualEngine\VisualEngine\MOpenGL.cpp(66,28): error C2065: 'IDC_VisualWindow': undeclared identifier
  VisualEngine.cpp
D:\Git\VisualEngine\VisualEngine\VisualEngine\VisualEngineDlg.h(12,24): error C2011: 'CVisualEngineDlg': 'class' type redefinition
D:\Git\VisualEngine\VisualEngine\VisualEngine\VisualEngineDlg.h(12,7): message : see declaration of 'CVisualEngineDlg'
D:\Git\VisualEngine\VisualEngine\VisualEngine\VisualEngine.cpp(59,19): error C2079: 'dlg' uses undefined class 'CVisualEngineDlg'
D:\Git\VisualEngine\VisualEngine\VisualEngine\VisualEngine.cpp(60,15): error C2440: '=': cannot convert from 'int *' to 'CWnd *'
D:\Git\VisualEngine\VisualEngine\VisualEngine\VisualEngine.cpp(60,15): message : Types pointed to are unrelated; conversion requires reinterpret_cast, C-style cast or parenthesized function-style cast
  VisualEngineDlg.cpp
D:\Git\VisualEngine\VisualEngine\VisualEngine\VisualEngineDlg.h(12,24): error C2011: 'CVisualEngineDlg': 'class' type redefinition
D:\Git\VisualEngine\VisualEngine\VisualEngine\VisualEngineDlg.h(12,7): message : see declaration of 'CVisualEngineDlg'
D:\Git\VisualEngine\VisualEngine\VisualEngine\VisualEngineDlg.cpp(53,19): error C2027: use of undefined type 'CVisualEngineDlg'
D:\Git\VisualEngine\VisualEngine\VisualEngine\VisualEngineDlg.h(12,7): message : see declaration of 'CVisualEngineDlg'
D:\Git\VisualEngine\VisualEngine\VisualEngine\VisualEngineDlg.cpp(54,2): error C4430: missing type specifier - int assumed. Note: C++ does not support default-int
D:\Git\VisualEngine\VisualEngine\VisualEngine\VisualEngineDlg.cpp(55,1): error C2550: '{ctor}': constructor initializer lists are only allowed on constructor definitions
D:\Git\VisualEngine\VisualEngine\VisualEngine\VisualEngineDlg.cpp(56,2): error C2065: 'm_hIcon': undeclared identifier
D:\Git\VisualEngine\VisualEngine\VisualEngine\VisualEngineDlg.cpp(57,1): warning C4508: '{ctor}': function should return a value; 'void' return type assumed
D:\Git\VisualEngine\VisualEngine\VisualEngine\VisualEngineDlg.cpp(59,24): error C2027: use of undefined type 'CVisualEngineDlg'
D:\Git\VisualEngine\VisualEngine\VisualEngine\VisualEngineDlg.h(12,7): message : see declaration of 'CVisualEngineDlg'
D:\Git\VisualEngine\VisualEngine\VisualEngine\VisualEngineDlg.cpp(61,13): error C2248: 'CWnd::DoDataExchange': cannot access protected member declared in class 'CWnd'
C:\Program Files\Microsoft Visual Studio\2022\Community\VC\Tools\MSVC\14.37.32822\atlmfc\include\afxwin.h(2927,15): message : see declaration of 'CWnd::DoDataExchange'
C:\Program Files\Microsoft Visual Studio\2022\Community\VC\Tools\MSVC\14.37.32822\atlmfc\include\afxwin.h(2189,7): message : see declaration of 'CWnd'
D:\Git\VisualEngine\VisualEngine\VisualEngine\VisualEngineDlg.cpp(61,13): error C2352: 'CWnd::DoDataExchange': a call of a non-static member function requires an object
C:\Program Files\Microsoft Visual Studio\2022\Community\VC\Tools\MSVC\14.37.32822\atlmfc\include\afxwin.h(2927,15): message : see declaration of 'CWnd::DoDataExchange'
D:\Git\VisualEngine\VisualEngine\VisualEngine\VisualEngineDlg.cpp(62,37): error C2065: 'm_window': undeclared identifier
D:\Git\VisualEngine\VisualEngine\VisualEngine\VisualEngineDlg.cpp(65,1): error C2027: use of undefined type 'CVisualEngineDlg'
D:\Git\VisualEngine\VisualEngine\VisualEngine\VisualEngineDlg.h(12,7): message : see declaration of 'CVisualEngineDlg'
D:\Git\VisualEngine\VisualEngine\VisualEngine\VisualEngineDlg.cpp(65,1): error C2270: 'GetMessageMap': modifiers not allowed on nonmember functions
D:\Git\VisualEngine\VisualEngine\VisualEngine\VisualEngineDlg.cpp(65,1): error C3861: 'GetThisMessageMap': identifier not found
D:\Git\VisualEngine\VisualEngine\VisualEngine\VisualEngineDlg.cpp(66,2): error C2027: use of undefined type 'CVisualEngineDlg'
D:\Git\VisualEngine\VisualEngine\VisualEngine\VisualEngineDlg.h(12,7): message : see declaration of 'CVisualEngineDlg'
D:\Git\VisualEngine\VisualEngine\VisualEngine\VisualEngineDlg.cpp(66,2): error C2065: 'OnSysCommand': undeclared identifier
D:\Git\VisualEngine\VisualEngine\VisualEngine\VisualEngineDlg.cpp(67,2): error C2027: use of undefined type 'CVisualEngineDlg'
D:\Git\VisualEngine\VisualEngine\VisualEngine\VisualEngineDlg.h(12,7): message : see declaration of 'CVisualEngineDlg'
D:\Git\VisualEngine\VisualEngine\VisualEngine\VisualEngineDlg.cpp(67,2): error C2065: 'OnPaint': undeclared identifier
D:\Git\VisualEngine\VisualEngine\VisualEngine\VisualEngineDlg.cpp(68,2): error C2027: use of undefined type 'CVisualEngineDlg'
D:\Git\VisualEngine\VisualEngine\VisualEngine\VisualEngineDlg.h(12,7): message : see declaration of 'CVisualEngineDlg'
D:\Git\VisualEngine\VisualEngine\VisualEngine\VisualEngineDlg.cpp(68,2): error C2065: 'OnQueryDragIcon': undeclared identifier
D:\Git\VisualEngine\VisualEngine\VisualEngine\VisualEngineDlg.cpp(69,2): error C2027: use of undefined type 'CVisualEngineDlg'
D:\Git\VisualEngine\VisualEngine\VisualEngine\VisualEngineDlg.h(12,7): message : see declaration of 'CVisualEngineDlg'
D:\Git\VisualEngine\VisualEngine\VisualEngine\VisualEngineDlg.cpp(69,2): error C2065: 'OnDestroy': undeclared identifier
D:\Git\VisualEngine\VisualEngine\VisualEngine\VisualEngineDlg.cpp(70,2): error C2027: use of undefined type 'CVisualEngineDlg'
D:\Git\VisualEngine\VisualEngine\VisualEngine\VisualEngineDlg.h(12,7): message : see declaration of 'CVisualEngineDlg'
D:\Git\VisualEngine\VisualEngine\VisualEngine\VisualEngineDlg.cpp(70,2): error C2065: 'OnTimer': undeclared identifier
D:\Git\VisualEngine\VisualEngine\VisualEngine\VisualEngineDlg.cpp(71,1): error C2248: 'CDialogEx::GetThisMessageMap': cannot access protected member declared in class 'CDialogEx'
C:\Program Files\Microsoft Visual Studio\2022\Community\VC\Tools\MSVC\14.37.32822\atlmfc\include\afxdialogex.h(86,2): message : see declaration of 'CDialogEx::GetThisMessageMap'
C:\Program Files\Microsoft Visual Studio\2022\Community\VC\Tools\MSVC\14.37.32822\atlmfc\include\afxdialogex.h(27,7): message : see declaration of 'CDialogEx'
D:\Git\VisualEngine\VisualEngine\VisualEngine\VisualEngineDlg.cpp(76,24): error C2027: use of undefined type 'CVisualEngineDlg'
D:\Git\VisualEngine\VisualEngine\VisualEngine\VisualEngineDlg.h(12,7): message : see declaration of 'CVisualEngineDlg'
D:\Git\VisualEngine\VisualEngine\VisualEngine\VisualEngineDlg.cpp(78,13): error C2352: 'CDialog::OnInitDialog': a call of a non-static member function requires an object
C:\Program Files\Microsoft Visual Studio\2022\Community\VC\Tools\MSVC\14.37.32822\atlmfc\include\afxwin.h(3377,15): message : see declaration of 'CDialog::OnInitDialog'
D:\Git\VisualEngine\VisualEngine\VisualEngine\VisualEngineDlg.cpp(86,20): error C2660: 'GetSystemMenu': function does not take 1 arguments
C:\Program Files (x86)\Windows Kits\10\Include\10.0.22621.0\um\winuser.h(7538,1): message : see declaration of 'GetSystemMenu'
D:\Git\VisualEngine\VisualEngine\VisualEngine\VisualEngineDlg.cpp(86,20): message : while trying to match the argument list '(int)'
D:\Git\VisualEngine\VisualEngine\VisualEngine\VisualEngineDlg.cpp(86,18): error C2440: 'initializing': cannot convert from 'HMENU' to 'CMenu *'
D:\Git\VisualEngine\VisualEngine\VisualEngine\VisualEngineDlg.cpp(86,18): message : Types pointed to are unrelated; conversion requires reinterpret_cast, C-style cast or parenthesized function-style cast
D:\Git\VisualEngine\VisualEngine\VisualEngine\VisualEngineDlg.cpp(102,10): error C2065: 'm_hIcon': undeclared identifier
D:\Git\VisualEngine\VisualEngine\VisualEngine\VisualEngineDlg.cpp(102,2): error C3861: 'SetIcon': identifier not found
D:\Git\VisualEngine\VisualEngine\VisualEngine\VisualEngineDlg.cpp(103,10): error C2065: 'm_hIcon': undeclared identifier
D:\Git\VisualEngine\VisualEngine\VisualEngine\VisualEngineDlg.cpp(103,2): error C3861: 'SetIcon': identifier not found
D:\Git\VisualEngine\VisualEngine\VisualEngine\VisualEngineDlg.cpp(106,44): error C2355: 'this': can only be referenced inside non-static member functions or non-static data member initializers
D:\Git\VisualEngine\VisualEngine\VisualEngine\VisualEngineDlg.cpp(106,33): error C2512: 'MOpenGL::MOpenGL': no appropriate default constructor available
D:\Git\VisualEngine\VisualEngine\VisualEngine\VisualEngineDlg.cpp(106,33): message : while trying to match the argument list '()'
D:\Git\VisualEngine\VisualEngine\VisualEngine\VisualEngineDlg.cpp(112,24): error C2027: use of undefined type 'CVisualEngineDlg'
D:\Git\VisualEngine\VisualEngine\VisualEngine\VisualEngineDlg.h(12,7): message : see declaration of 'CVisualEngineDlg'
D:\Git\VisualEngine\VisualEngine\VisualEngine\VisualEngineDlg.cpp(121,14): error C2248: 'CWnd::OnSysCommand': cannot access protected member declared in class 'CWnd'
C:\Program Files\Microsoft Visual Studio\2022\Community\VC\Tools\MSVC\14.37.32822\atlmfc\include\afxwin.h(2807,15): message : see declaration of 'CWnd::OnSysCommand'
C:\Program Files\Microsoft Visual Studio\2022\Community\VC\Tools\MSVC\14.37.32822\atlmfc\include\afxwin.h(2189,7): message : see declaration of 'CWnd'
D:\Git\VisualEngine\VisualEngine\VisualEngine\VisualEngineDlg.cpp(121,14): error C2352: 'CWnd::OnSysCommand': a call of a non-static member function requires an object
C:\Program Files\Microsoft Visual Studio\2022\Community\VC\Tools\MSVC\14.37.32822\atlmfc\include\afxwin.h(2807,15): message : see declaration of 'CWnd::OnSysCommand'
D:\Git\VisualEngine\VisualEngine\VisualEngine\VisualEngineDlg.cpp(129,24): error C2027: use of undefined type 'CVisualEngineDlg'
D:\Git\VisualEngine\VisualEngine\VisualEngine\VisualEngineDlg.h(12,7): message : see declaration of 'CVisualEngineDlg'
D:\Git\VisualEngine\VisualEngine\VisualEngine\VisualEngineDlg.cpp(131,6): error C2660: 'IsIconic': function does not take 0 arguments
C:\Program Files (x86)\Windows Kits\10\Include\10.0.22621.0\um\winuser.h(4841,1): message : see declaration of 'IsIconic'
D:\Git\VisualEngine\VisualEngine\VisualEngine\VisualEngineDlg.cpp(131,6): message : while trying to match the argument list '()'
D:\Git\VisualEngine\VisualEngine\VisualEngine\VisualEngineDlg.cpp(133,15): error C2355: 'this': can only be referenced inside non-static member functions or non-static data member initializers
D:\Git\VisualEngine\VisualEngine\VisualEngine\VisualEngineDlg.cpp(133,14): error C2512: 'CPaintDC::CPaintDC': no appropriate default constructor available
D:\Git\VisualEngine\VisualEngine\VisualEngine\VisualEngineDlg.cpp(133,14): message : while trying to match the argument list '()'
D:\Git\VisualEngine\VisualEngine\VisualEngine\VisualEngineDlg.cpp(135,3): error C2660: 'SendMessageW': function does not take 3 arguments
C:\Program Files (x86)\Windows Kits\10\Include\10.0.22621.0\um\winuser.h(3703,1): message : see declaration of 'SendMessageW'
D:\Git\VisualEngine\VisualEngine\VisualEngine\VisualEngineDlg.cpp(135,3): message : while trying to match the argument list '(int, WPARAM, int)'
D:\Git\VisualEngine\VisualEngine\VisualEngine\VisualEngineDlg.cpp(141,3): error C2660: 'GetClientRect': function does not take 1 arguments
C:\Program Files (x86)\Windows Kits\10\Include\10.0.22621.0\um\winuser.h(8985,1): message : see declaration of 'GetClientRect'
D:\Git\VisualEngine\VisualEngine\VisualEngine\VisualEngineDlg.cpp(141,3): message : while trying to match the argument list '(CRect *)'
D:\Git\VisualEngine\VisualEngine\VisualEngine\VisualEngineDlg.cpp(146,21): error C2065: 'm_hIcon': undeclared identifier
D:\Git\VisualEngine\VisualEngine\VisualEngine\VisualEngineDlg.cpp(150,14): error C2248: 'CDialog::OnPaint': cannot access protected member declared in class 'CDialog'
C:\Program Files\Microsoft Visual Studio\2022\Community\VC\Tools\MSVC\14.37.32822\atlmfc\include\afxwin.h(3426,15): message : see declaration of 'CDialog::OnPaint'
C:\Program Files\Microsoft Visual Studio\2022\Community\VC\Tools\MSVC\14.37.32822\atlmfc\include\afxwin.h(3331,7): message : see declaration of 'CDialog'
D:\Git\VisualEngine\VisualEngine\VisualEngine\VisualEngineDlg.cpp(150,14): error C2352: 'CDialog::OnPaint': a call of a non-static member function requires an object
C:\Program Files\Microsoft Visual Studio\2022\Community\VC\Tools\MSVC\14.37.32822\atlmfc\include\afxwin.h(3426,15): message : see declaration of 'CDialog::OnPaint'
D:\Git\VisualEngine\VisualEngine\VisualEngine\VisualEngineDlg.cpp(156,27): error C2027: use of undefined type 'CVisualEngineDlg'
D:\Git\VisualEngine\VisualEngine\VisualEngine\VisualEngineDlg.h(12,7): message : see declaration of 'CVisualEngineDlg'
D:\Git\VisualEngine\VisualEngine\VisualEngine\VisualEngineDlg.cpp(158,30): error C2065: 'm_hIcon': undeclared identifier
D:\Git\VisualEngine\VisualEngine\VisualEngine\VisualEngineDlg.cpp(163,24): error C2027: use of undefined type 'CVisualEngineDlg'
D:\Git\VisualEngine\VisualEngine\VisualEngine\VisualEngineDlg.h(12,7): message : see declaration of 'CVisualEngineDlg'
D:\Git\VisualEngine\VisualEngine\VisualEngine\VisualEngineDlg.cpp(165,13): error C2248: 'CDialogEx::OnDestroy': cannot access protected member declared in class 'CDialogEx'
C:\Program Files\Microsoft Visual Studio\2022\Community\VC\Tools\MSVC\14.37.32822\atlmfc\include\afxdialogex.h(81,15): message : see declaration of 'CDialogEx::OnDestroy'
C:\Program Files\Microsoft Visual Studio\2022\Community\VC\Tools\MSVC\14.37.32822\atlmfc\include\afxdialogex.h(27,7): message : see declaration of 'CDialogEx'
D:\Git\VisualEngine\VisualEngine\VisualEngine\VisualEngineDlg.cpp(165,13): error C2352: 'CDialogEx::OnDestroy': a call of a non-static member function requires an object
C:\Program Files\Microsoft Visual Studio\2022\Community\VC\Tools\MSVC\14.37.32822\atlmfc\include\afxdialogex.h(81,15): message : see declaration of 'CDialogEx::OnDestroy'
D:\Git\VisualEngine\VisualEngine\VisualEngine\VisualEngineDlg.cpp(171,24): error C2027: use of undefined type 'CVisualEngineDlg'
D:\Git\VisualEngine\VisualEngine\VisualEngine\VisualEngineDlg.h(12,7): message : see declaration of 'CVisualEngineDlg'
D:\Git\VisualEngine\VisualEngine\VisualEngine\VisualEngineDlg.cpp(175,13): error C2248: 'CWnd::OnTimer': cannot access protected member declared in class 'CWnd'
C:\Program Files\Microsoft Visual Studio\2022\Community\VC\Tools\MSVC\14.37.32822\atlmfc\include\afxwin.h(2856,15): message : see declaration of 'CWnd::OnTimer'
C:\Program Files\Microsoft Visual Studio\2022\Community\VC\Tools\MSVC\14.37.32822\atlmfc\include\afxwin.h(2189,7): message : see declaration of 'CWnd'
D:\Git\VisualEngine\VisualEngine\VisualEngine\VisualEngineDlg.cpp(175,13): error C2352: 'CWnd::OnTimer': a call of a non-static member function requires an object
C:\Program Files\Microsoft Visual Studio\2022\Community\VC\Tools\MSVC\14.37.32822\atlmfc\include\afxwin.h(2856,15): message : see declaration of 'CWnd::OnTimer'
  Generating Code...
